# JRE version: OpenJDK Runtime Environment Temurin-17.0.11+9 (17.0.11+9) (build 17.0.11+9)
# Java VM: OpenJDK 64-Bit Server VM Temurin-17.0.11+9 (17.0.11+9, mixed mode, tiered, compressed oops, compressed class ptrs, parallel gc, windows-amd64)
GC Precious Log:
 CPUs: 4 total, 4 available
 Memory: 7888M
 Large Page Support: Disabled
 NUMA Support: Disabled
 Compressed Oops: Enabled (32-bit)
 Alignments: Space 512K, Generation 512K, Heap 2M
 Heap Min Capacity: 100M
 Heap Initial Capacity: 100M
 Heap Max Capacity: 1G
 Pre-touch: Disabled
 Parallel Workers: 4
Heap:
 PSYoungGen      total 16896K, used 10788K [0x00000000eab00000, 0x00000000ec080000, 0x0000000100000000)
  eden space 11776K, 51% used [0x00000000eab00000,0x00000000eb0f3f80,0x00000000eb680000)
  from space 5120K, 96% used [0x00000000ebb80000,0x00000000ec04f4f0,0x00000000ec080000)
  to   space 5120K, 0% used [0x00000000eb680000,0x00000000eb680000,0x00000000ebb80000)
 ParOldGen       total 399872K, used 378679K [0x00000000c0000000, 0x00000000d8680000, 0x00000000eab00000)
  object space 399872K, 94% used [0x00000000c0000000,0x00000000d71cdd28,0x00000000d8680000)
 Metaspace       used 70621K, committed 71808K, reserved 1114112K
  class space    used 7357K, committed 7872K, reserved 1048576K
GC Heap History (20 events):
Event: 208.843 GC heap after
{Heap after GC invocations=271 (full 9):
 PSYoungGen      total 20480K, used 7150K [0x00000000eab00000, 0x00000000ec900000, 0x0000000100000000)
  eden space 13312K, 0% used [0x00000000eab00000,0x00000000eab00000,0x00000000eb800000)
  from space 7168K, 99% used [0x00000000ec000000,0x00000000ec6fb818,0x00000000ec700000)
  to   space 8192K, 0% used [0x00000000eb800000,0x00000000eb800000,0x00000000ec000000)
 ParOldGen       total 399872K, used 370531K [0x00000000c0000000, 0x00000000d8680000, 0x00000000eab00000)
  object space 399872K, 92% used [0x00000000c0000000,0x00000000d69d8f48,0x00000000d8680000)
 Metaspace       used 70616K, committed 71808K, reserved 1114112K
  class space    used 7357K, committed 7872K, reserved 1048576K
}
Event: 208.931 GC heap before
{Heap before GC invocations=272 (full 9):
 PSYoungGen      total 20480K, used 20462K [0x00000000eab00000, 0x00000000ec900000, 0x0000000100000000)
  eden space 13312K, 100% used [0x00000000eab00000,0x00000000eb800000,0x00000000eb800000)
  from space 7168K, 99% used [0x00000000ec000000,0x00000000ec6fb818,0x00000000ec700000)
  to   space 8192K, 0% used [0x00000000eb800000,0x00000000eb800000,0x00000000ec000000)
 ParOldGen       total 399872K, used 370531K [0x00000000c0000000, 0x00000000d8680000, 0x00000000eab00000)
  object space 399872K, 92% used [0x00000000c0000000,0x00000000d69d8f48,0x00000000d8680000)
 Metaspace       used 70616K, committed 71808K, reserved 1114112K
  class space    used 7357K, committed 7872K, reserved 1048576K
}
Event: 208.941 GC heap after
{Heap after GC invocations=272 (full 9):
 PSYoungGen      total 21504K, used 6894K [0x00000000eab00000, 0x00000000ec880000, 0x0000000100000000)
  eden space 13312K, 0% used [0x00000000eab00000,0x00000000eab00000,0x00000000eb800000)
  from space 8192K, 84% used [0x00000000eb800000,0x00000000ebebb818,0x00000000ec000000)
  to   space 7680K, 0% used [0x00000000ec100000,0x00000000ec100000,0x00000000ec880000)
 ParOldGen       total 399872K, used 372187K [0x00000000c0000000, 0x00000000d8680000, 0x00000000eab00000)
  object space 399872K, 93% used [0x00000000c0000000,0x00000000d6b76f48,0x00000000d8680000)
 Metaspace       used 70616K, committed 71808K, reserved 1114112K
  class space    used 7357K, committed 7872K, reserved 1048576K
}
Event: 209.114 GC heap before
{Heap before GC invocations=273 (full 9):
 PSYoungGen      total 21504K, used 20206K [0x00000000eab00000, 0x00000000ec880000, 0x0000000100000000)
  eden space 13312K, 100% used [0x00000000eab00000,0x00000000eb800000,0x00000000eb800000)
  from space 8192K, 84% used [0x00000000eb800000,0x00000000ebebb818,0x00000000ec000000)
  to   space 7680K, 0% used [0x00000000ec100000,0x00000000ec100000,0x00000000ec880000)
 ParOldGen       total 399872K, used 372187K [0x00000000c0000000, 0x00000000d8680000, 0x00000000eab00000)
  object space 399872K, 93% used [0x00000000c0000000,0x00000000d6b76f48,0x00000000d8680000)
 Metaspace       used 70616K, committed 71808K, reserved 1114112K
  class space    used 7357K, committed 7872K, reserved 1048576K
}
Event: 209.127 GC heap after
{Heap after GC invocations=273 (full 9):
 PSYoungGen      total 19456K, used 7674K [0x00000000eab00000, 0x00000000ece80000, 0x0000000100000000)
  eden space 11776K, 0% used [0x00000000eab00000,0x00000000eab00000,0x00000000eb680000)
  from space 7680K, 99% used [0x00000000ec100000,0x00000000ec87ea28,0x00000000ec880000)
  to   space 10752K, 0% used [0x00000000eb680000,0x00000000eb680000,0x00000000ec100000)
 ParOldGen       total 399872K, used 374647K [0x00000000c0000000, 0x00000000d8680000, 0x00000000eab00000)
  object space 399872K, 93% used [0x00000000c0000000,0x00000000d6dddd28,0x00000000d8680000)
 Metaspace       used 70616K, committed 71808K, reserved 1114112K
  class space    used 7357K, committed 7872K, reserved 1048576K
}
Event: 209.848 GC heap before
{Heap before GC invocations=274 (full 9):
 PSYoungGen      total 19456K, used 19450K [0x00000000eab00000, 0x00000000ece80000, 0x0000000100000000)
  eden space 11776K, 100% used [0x00000000eab00000,0x00000000eb680000,0x00000000eb680000)
  from space 7680K, 99% used [0x00000000ec100000,0x00000000ec87ea28,0x00000000ec880000)
  to   space 10752K, 0% used [0x00000000eb680000,0x00000000eb680000,0x00000000ec100000)
 ParOldGen       total 399872K, used 374647K [0x00000000c0000000, 0x00000000d8680000, 0x00000000eab00000)
  object space 399872K, 93% used [0x00000000c0000000,0x00000000d6dddd28,0x00000000d8680000)
 Metaspace       used 70619K, committed 71808K, reserved 1114112K
  class space    used 7357K, committed 7872K, reserved 1048576K
}
Event: 209.859 GC heap after
{Heap after GC invocations=274 (full 9):
 PSYoungGen      total 18432K, used 6200K [0x00000000eab00000, 0x00000000ec680000, 0x0000000100000000)
  eden space 11776K, 0% used [0x00000000eab00000,0x00000000eab00000,0x00000000eb680000)
  from space 6656K, 93% used [0x00000000eb680000,0x00000000ebc8e0b8,0x00000000ebd00000)
  to   space 7680K, 0% used [0x00000000ebf00000,0x00000000ebf00000,0x00000000ec680000)
 ParOldGen       total 399872K, used 376215K [0x00000000c0000000, 0x00000000d8680000, 0x00000000eab00000)
  object space 399872K, 94% used [0x00000000c0000000,0x00000000d6f65d28,0x00000000d8680000)
 Metaspace       used 70619K, committed 71808K, reserved 1114112K
  class space    used 7357K, committed 7872K, reserved 1048576K
}
Event: 210.039 GC heap before
{Heap before GC invocations=275 (full 9):
 PSYoungGen      total 18432K, used 17976K [0x00000000eab00000, 0x00000000ec680000, 0x0000000100000000)
  eden space 11776K, 100% used [0x00000000eab00000,0x00000000eb680000,0x00000000eb680000)
  from space 6656K, 93% used [0x00000000eb680000,0x00000000ebc8e0b8,0x00000000ebd00000)
  to   space 7680K, 0% used [0x00000000ebf00000,0x00000000ebf00000,0x00000000ec680000)
 ParOldGen       total 399872K, used 376215K [0x00000000c0000000, 0x00000000d8680000, 0x00000000eab00000)
  object space 399872K, 94% used [0x00000000c0000000,0x00000000d6f65d28,0x00000000d8680000)
 Metaspace       used 70619K, committed 71808K, reserved 1114112K
  class space    used 7357K, committed 7872K, reserved 1048576K
}
Event: 210.047 GC heap after
{Heap after GC invocations=275 (full 9):
 PSYoungGen      total 17920K, used 6106K [0x00000000eab00000, 0x00000000ec500000, 0x0000000100000000)
  eden space 11776K, 0% used [0x00000000eab00000,0x00000000eab00000,0x00000000eb680000)
  from space 6144K, 99% used [0x00000000ebf00000,0x00000000ec4f6b58,0x00000000ec500000)
  to   space 6656K, 0% used [0x00000000eb800000,0x00000000eb800000,0x00000000ebe80000)
 ParOldGen       total 399872K, used 376215K [0x00000000c0000000, 0x00000000d8680000, 0x00000000eab00000)
  object space 399872K, 94% used [0x00000000c0000000,0x00000000d6f65d28,0x00000000d8680000)
 Metaspace       used 70619K, committed 71808K, reserved 1114112K
  class space    used 7357K, committed 7872K, reserved 1048576K
}
Event: 210.283 GC heap before
{Heap before GC invocations=276 (full 9):
 PSYoungGen      total 17920K, used 17882K [0x00000000eab00000, 0x00000000ec500000, 0x0000000100000000)
  eden space 11776K, 100% used [0x00000000eab00000,0x00000000eb680000,0x00000000eb680000)
  from space 6144K, 99% used [0x00000000ebf00000,0x00000000ec4f6b58,0x00000000ec500000)
  to   space 6656K, 0% used [0x00000000eb800000,0x00000000eb800000,0x00000000ebe80000)
 ParOldGen       total 399872K, used 376215K [0x00000000c0000000, 0x00000000d8680000, 0x00000000eab00000)
  object space 399872K, 94% used [0x00000000c0000000,0x00000000d6f65d28,0x00000000d8680000)
 Metaspace       used 70619K, committed 71808K, reserved 1114112K
  class space    used 7357K, committed 7872K, reserved 1048576K
}
Event: 210.292 GC heap after
{Heap after GC invocations=276 (full 9):
 PSYoungGen      total 18432K, used 6593K [0x00000000eab00000, 0x00000000ec480000, 0x0000000100000000)
  eden space 11776K, 0% used [0x00000000eab00000,0x00000000eab00000,0x00000000eb680000)
  from space 6656K, 99% used [0x00000000eb800000,0x00000000ebe70668,0x00000000ebe80000)
  to   space 6144K, 0% used [0x00000000ebe80000,0x00000000ebe80000,0x00000000ec480000)
 ParOldGen       total 399872K, used 376215K [0x00000000c0000000, 0x00000000d8680000, 0x00000000eab00000)
  object space 399872K, 94% used [0x00000000c0000000,0x00000000d6f65d28,0x00000000d8680000)
 Metaspace       used 70619K, committed 71808K, reserved 1114112K
  class space    used 7357K, committed 7872K, reserved 1048576K
}
Event: 211.620 GC heap before
{Heap before GC invocations=277 (full 9):
 PSYoungGen      total 18432K, used 18369K [0x00000000eab00000, 0x00000000ec480000, 0x0000000100000000)
  eden space 11776K, 100% used [0x00000000eab00000,0x00000000eb680000,0x00000000eb680000)
  from space 6656K, 99% used [0x00000000eb800000,0x00000000ebe70668,0x00000000ebe80000)
  to   space 6144K, 0% used [0x00000000ebe80000,0x00000000ebe80000,0x00000000ec480000)
 ParOldGen       total 399872K, used 376215K [0x00000000c0000000, 0x00000000d8680000, 0x00000000eab00000)
  object space 399872K, 94% used [0x00000000c0000000,0x00000000d6f65d28,0x00000000d8680000)
 Metaspace       used 70619K, committed 71808K, reserved 1114112K
  class space    used 7357K, committed 7872K, reserved 1048576K
}
Event: 211.629 GC heap after
{Heap after GC invocations=277 (full 9):
 PSYoungGen      total 17920K, used 6128K [0x00000000eab00000, 0x00000000ec580000, 0x0000000100000000)
  eden space 11776K, 0% used [0x00000000eab00000,0x00000000eab00000,0x00000000eb680000)
  from space 6144K, 99% used [0x00000000ebe80000,0x00000000ec47c060,0x00000000ec480000)
  to   space 7680K, 0% used [0x00000000eb680000,0x00000000eb680000,0x00000000ebe00000)
 ParOldGen       total 399872K, used 377279K [0x00000000c0000000, 0x00000000d8680000, 0x00000000eab00000)
  object space 399872K, 94% used [0x00000000c0000000,0x00000000d706fd28,0x00000000d8680000)
 Metaspace       used 70619K, committed 71808K, reserved 1114112K
  class space    used 7357K, committed 7872K, reserved 1048576K
}
Event: 213.171 GC heap before
{Heap before GC invocations=278 (full 9):
 PSYoungGen      total 17920K, used 17904K [0x00000000eab00000, 0x00000000ec580000, 0x0000000100000000)
  eden space 11776K, 100% used [0x00000000eab00000,0x00000000eb680000,0x00000000eb680000)
  from space 6144K, 99% used [0x00000000ebe80000,0x00000000ec47c060,0x00000000ec480000)
  to   space 7680K, 0% used [0x00000000eb680000,0x00000000eb680000,0x00000000ebe00000)
 ParOldGen       total 399872K, used 377279K [0x00000000c0000000, 0x00000000d8680000, 0x00000000eab00000)
  object space 399872K, 94% used [0x00000000c0000000,0x00000000d706fd28,0x00000000d8680000)
 Metaspace       used 70620K, committed 71808K, reserved 1114112K
  class space    used 7357K, committed 7872K, reserved 1048576K
}
Event: 213.182 GC heap after
{Heap after GC invocations=278 (full 9):
 PSYoungGen      total 17920K, used 6044K [0x00000000eab00000, 0x00000000ec380000, 0x0000000100000000)
  eden space 11776K, 0% used [0x00000000eab00000,0x00000000eab00000,0x00000000eb680000)
  from space 6144K, 98% used [0x00000000eb680000,0x00000000ebc673d8,0x00000000ebc80000)
  to   space 6656K, 0% used [0x00000000ebd00000,0x00000000ebd00000,0x00000000ec380000)
 ParOldGen       total 399872K, used 378679K [0x00000000c0000000, 0x00000000d8680000, 0x00000000eab00000)
  object space 399872K, 94% used [0x00000000c0000000,0x00000000d71cdd28,0x00000000d8680000)
 Metaspace       used 70620K, committed 71808K, reserved 1114112K
  class space    used 7357K, committed 7872K, reserved 1048576K
}
Event: 215.667 GC heap before
{Heap before GC invocations=279 (full 9):
 PSYoungGen      total 17920K, used 17820K [0x00000000eab00000, 0x00000000ec380000, 0x0000000100000000)
  eden space 11776K, 100% used [0x00000000eab00000,0x00000000eb680000,0x00000000eb680000)
  from space 6144K, 98% used [0x00000000eb680000,0x00000000ebc673d8,0x00000000ebc80000)
  to   space 6656K, 0% used [0x00000000ebd00000,0x00000000ebd00000,0x00000000ec380000)
 ParOldGen       total 399872K, used 378679K [0x00000000c0000000, 0x00000000d8680000, 0x00000000eab00000)
  object space 399872K, 94% used [0x00000000c0000000,0x00000000d71cdd28,0x00000000d8680000)
 Metaspace       used 70621K, committed 71808K, reserved 1114112K
  class space    used 7357K, committed 7872K, reserved 1048576K
}
Event: 215.674 GC heap after
{Heap after GC invocations=279 (full 9):
 PSYoungGen      total 16384K, used 4494K [0x00000000eab00000, 0x00000000ec180000, 0x0000000100000000)
  eden space 11776K, 0% used [0x00000000eab00000,0x00000000eab00000,0x00000000eb680000)
  from space 4608K, 97% used [0x00000000ebd00000,0x00000000ec163b28,0x00000000ec180000)
  to   space 5632K, 0% used [0x00000000eb680000,0x00000000eb680000,0x00000000ebc00000)
 ParOldGen       total 399872K, used 378679K [0x00000000c0000000, 0x00000000d8680000, 0x00000000eab00000)
  object space 399872K, 94% used [0x00000000c0000000,0x00000000d71cdd28,0x00000000d8680000)
 Metaspace       used 70621K, committed 71808K, reserved 1114112K
  class space    used 7357K, committed 7872K, reserved 1048576K
}
Event: 217.355 GC heap before
{Heap before GC invocations=280 (full 9):
 PSYoungGen      total 16384K, used 16270K [0x00000000eab00000, 0x00000000ec180000, 0x0000000100000000)
  eden space 11776K, 100% used [0x00000000eab00000,0x00000000eb680000,0x00000000eb680000)
  from space 4608K, 97% used [0x00000000ebd00000,0x00000000ec163b28,0x00000000ec180000)
  to   space 5632K, 0% used [0x00000000eb680000,0x00000000eb680000,0x00000000ebc00000)
 ParOldGen       total 399872K, used 378679K [0x00000000c0000000, 0x00000000d8680000, 0x00000000eab00000)
  object space 399872K, 94% used [0x00000000c0000000,0x00000000d71cdd28,0x00000000d8680000)
 Metaspace       used 70621K, committed 71808K, reserved 1114112K
  class space    used 7357K, committed 7872K, reserved 1048576K
}
Event: 217.363 GC heap after
{Heap after GC invocations=280 (full 9):
 PSYoungGen      total 16896K, used 5000K [0x00000000eab00000, 0x00000000ec080000, 0x0000000100000000)
  eden space 11776K, 0% used [0x00000000eab00000,0x00000000eab00000,0x00000000eb680000)
  from space 5120K, 97% used [0x00000000eb680000,0x00000000ebb620b8,0x00000000ebb80000)
  to   space 5120K, 0% used [0x00000000ebb80000,0x00000000ebb80000,0x00000000ec080000)
 ParOldGen       total 399872K, used 378679K [0x00000000c0000000, 0x00000000d8680000, 0x00000000eab00000)
  object space 399872K, 94% used [0x00000000c0000000,0x00000000d71cdd28,0x00000000d8680000)
 Metaspace       used 70621K, committed 71808K, reserved 1114112K
  class space    used 7357K, committed 7872K, reserved 1048576K
}
Event: 217.616 GC heap before
{Heap before GC invocations=281 (full 9):
 PSYoungGen      total 16896K, used 16776K [0x00000000eab00000, 0x00000000ec080000, 0x0000000100000000)
  eden space 11776K, 100% used [0x00000000eab00000,0x00000000eb680000,0x00000000eb680000)
  from space 5120K, 97% used [0x00000000eb680000,0x00000000ebb620b8,0x00000000ebb80000)
  to   space 5120K, 0% used [0x00000000ebb80000,0x00000000ebb80000,0x00000000ec080000)
 ParOldGen       total 399872K, used 378679K [0x00000000c0000000, 0x00000000d8680000, 0x00000000eab00000)
  object space 399872K, 94% used [0x00000000c0000000,0x00000000d71cdd28,0x00000000d8680000)
 Metaspace       used 70621K, committed 71808K, reserved 1114112K
  class space    used 7357K, committed 7872K, reserved 1048576K
}

